<?xml version="1.0" encoding="UTF-8"?>
<!-- Generated by org.testng.reporters.JUnitReportReporter -->
<testsuite hostname="richardssaji-MacBook-Pro" failures="0" tests="2" name="tests.CheckoutTest" time="18.905" errors="0" timestamp="2023-01-27T22:49:21 CET" skipped="0">
  <testcase classname="tests.CheckoutTest" name="verifySelectAnItem" time="13.198"/>
  <system-out/>
  <testcase classname="tests.CheckoutTest" name="verifyAddToCart" time="5.707"/>
  <system-out/>
</testsuite> <!-- tests.CheckoutTest -->
