<?xml version="1.0" encoding="UTF-8"?>
<!-- Generated by org.testng.reporters.JUnitReportReporter -->
<testsuite hostname="richardssaji-MacBook-Pro" failures="0" tests="2" name="tests.LoginPageTest" time="13.112" errors="0" timestamp="2023-01-27T22:49:21 CET" skipped="0">
  <testcase classname="tests.LoginPageTest" name="navigateToLoginPage" time="7.416"/>
  <system-out/>
  <testcase classname="tests.LoginPageTest" name="verifyLogin" time="5.696"/>
  <system-out/>
</testsuite> <!-- tests.LoginPageTest -->
