<?xml version="1.0" encoding="UTF-8"?>
<!-- Generated by org.testng.reporters.JUnitReportReporter -->
<testsuite hostname="richardssaji-MacBook-Pro" failures="0" tests="1" name="tests.HomePageTest" time="8.037" errors="0" timestamp="2023-01-27T22:49:21 CET" skipped="0">
  <testcase classname="tests.HomePageTest" name="verifySearchingItem" time="8.037"/>
  <system-out/>
</testsuite> <!-- tests.HomePageTest -->
